  3.cpp
C:\Project\MIPT\4_semestr\1\3\3\3.cpp(61,35): warning C4244: аргумент: преобразование "double" в "const unsigned __int64", возможна потеря данных
C:\Project\MIPT\4_semestr\1\3\3\3.cpp(19,29): warning C4244: аргумент: преобразование "unsigned __int64" в "int", возможна потеря данных
C:\Project\MIPT\4_semestr\1\3\3\3.cpp(74,92): message : выполняется компиляция ссылки на экземпляр шаблон функции "bool issorted<std::_Vector_iterator<std::_Vector_val<std::_Simple_types<_Ty>>>,main::<lambda_2>>(RandIt,RandIt,Comparator)"
          with
          [
              _Ty=uint64_t,
              RandIt=std::_Vector_iterator<std::_Vector_val<std::_Simple_types<uint64_t>>>,
              Comparator=main::<lambda_2>
          ]
C:\Project\MIPT\4_semestr\1\3\3\3.cpp(19,22): warning C4244: аргумент: преобразование "unsigned __int64" в "int", возможна потеря данных
C:\Project\MIPT\4_semestr\1\3\3\3.cpp(38,16): warning C4244: инициализация: преобразование "double" в "int", возможна потеря данных
C:\Project\MIPT\4_semestr\1\3\3\3.cpp(79,74): message : выполняется компиляция ссылки на экземпляр шаблон функции "void parallelSort<std::_Vector_iterator<std::_Vector_val<std::_Simple_types<_Ty>>>,main::<lambda_3>>(int,RandIt,RandIt,Comparator)"
          with
          [
              _Ty=uint64_t,
              RandIt=std::_Vector_iterator<std::_Vector_val<std::_Simple_types<uint64_t>>>,
              Comparator=main::<lambda_3>
          ]
C:\Project\MIPT\4_semestr\1\3\3\3.cpp(37,100): warning C4244: аргумент: преобразование "const unsigned __int64" в "int", возможна потеря данных
C:\Program Files\Microsoft Visual Studio\2022\Community\VC\Tools\MSVC\14.35.32215\include\algorithm(5644): message : выполняется компиляция ссылки на экземпляр шаблон функции "auto parallelSort::<lambda_1>::operator ()<unsigned __int64>(const _T1 &) const"
          with
          [
              _T1=unsigned __int64
          ]
C:\Project\MIPT\4_semestr\1\3\3\3.cpp(29): message : выполняется компиляция ссылки на экземпляр шаблон функции "_FwdIt std::partition<RandIt,parallelSort::<lambda_1>>(_FwdIt,const _FwdIt,_Pr)"
          with
          [
              _FwdIt=std::_Vector_iterator<std::_Vector_val<std::_Simple_types<uint64_t>>>,
              RandIt=std::_Vector_iterator<std::_Vector_val<std::_Simple_types<uint64_t>>>,
              _Pr=parallelSort::<lambda_1>
          ]
C:\Project\MIPT\4_semestr\1\3\3\3.cpp(79,74): message : выполняется компиляция ссылки на экземпляр шаблон функции "void parallelSort<std::_Vector_iterator<std::_Vector_val<std::_Simple_types<_Ty>>>,main::<lambda_3>>(int,RandIt,RandIt,Comparator)"
          with
          [
              _Ty=uint64_t,
              RandIt=std::_Vector_iterator<std::_Vector_val<std::_Simple_types<uint64_t>>>,
              Comparator=main::<lambda_3>
          ]
C:\Project\MIPT\4_semestr\1\3\3\3.cpp(37,97): warning C4244: аргумент: преобразование "const _T1" в "int", возможна потеря данных
          with
          [
              _T1=unsigned __int64
          ]
C:\Program Files\Microsoft Visual Studio\2022\Community\VC\Tools\MSVC\14.35.32215\include\xutility(1137,27): warning C4244: аргумент: преобразование "unsigned __int64" в "int", возможна потеря данных
C:\Program Files\Microsoft Visual Studio\2022\Community\VC\Tools\MSVC\14.35.32215\include\xutility(1136,16): message : выполняется компиляция ссылки на экземпляр шаблон функции "bool std::_Debug_lt_pred<_Pr&,unsigned __int64&,unsigned __int64&,0>(main::<lambda_1>&,_Ty1,_Ty2) noexcept(<expr>)"
          with
          [
              _Pr=main::<lambda_1>,
              _Ty1=unsigned __int64 &,
              _Ty2=unsigned __int64 &
          ]
C:\Program Files\Microsoft Visual Studio\2022\Community\VC\Tools\MSVC\14.35.32215\include\algorithm(7866): message : выполняется компиляция ссылки на экземпляр шаблон функции "_BidIt std::_Insertion_sort_unchecked<_RanIt,_Pr>(const _BidIt,const _BidIt,_Pr)"
          with
          [
              _BidIt=unsigned __int64 *,
              _RanIt=unsigned __int64 *,
              _Pr=main::<lambda_1>
          ]
C:\Program Files\Microsoft Visual Studio\2022\Community\VC\Tools\MSVC\14.35.32215\include\algorithm(7896): message : выполняется компиляция ссылки на экземпляр шаблон функции "void std::_Sort_unchecked<unsigned __int64*,_Fn>(_RanIt,_RanIt,__int64,_Pr)"
          with
          [
              _Fn=main::<lambda_1>,
              _RanIt=unsigned __int64 *,
              _Pr=main::<lambda_1>
          ]
C:\Project\MIPT\4_semestr\1\3\3\3.cpp(70,80): message : выполняется компиляция ссылки на экземпляр шаблон функции "void std::sort<std::_Vector_iterator<std::_Vector_val<std::_Simple_types<_Ty>>>,main::<lambda_1>>(const _RanIt,const _RanIt,_Pr)"
          with
          [
              _Ty=uint64_t,
              _RanIt=std::_Vector_iterator<std::_Vector_val<std::_Simple_types<uint64_t>>>,
              _Pr=main::<lambda_1>
          ]
C:\Program Files\Microsoft Visual Studio\2022\Community\VC\Tools\MSVC\14.35.32215\include\xutility(1137,20): warning C4244: аргумент: преобразование "unsigned __int64" в "int", возможна потеря данных
C:\Program Files\Microsoft Visual Studio\2022\Community\VC\Tools\MSVC\14.35.32215\include\xutility(1137,62): warning C4244: аргумент: преобразование "unsigned __int64" в "int", возможна потеря данных
C:\Program Files\Microsoft Visual Studio\2022\Community\VC\Tools\MSVC\14.35.32215\include\xutility(1137,54): warning C4244: аргумент: преобразование "unsigned __int64" в "int", возможна потеря данных
C:\Program Files\Microsoft Visual Studio\2022\Community\VC\Tools\MSVC\14.35.32215\include\algorithm(7804,32): warning C4244: аргумент: преобразование "unsigned __int64" в "int", возможна потеря данных
C:\Program Files\Microsoft Visual Studio\2022\Community\VC\Tools\MSVC\14.35.32215\include\algorithm(7866): message : выполняется компиляция ссылки на экземпляр шаблон функции "std::pair<_RanIt,_RanIt> std::_Partition_by_median_guess_unchecked<_RanIt,_Pr>(_RanIt,_RanIt,_Pr)"
          with
          [
              _RanIt=unsigned __int64 *,
              _Pr=main::<lambda_1>
          ]
C:\Program Files\Microsoft Visual Studio\2022\Community\VC\Tools\MSVC\14.35.32215\include\algorithm(7804,22): warning C4244: аргумент: преобразование "unsigned __int64" в "int", возможна потеря данных
C:\Program Files\Microsoft Visual Studio\2022\Community\VC\Tools\MSVC\14.35.32215\include\algorithm(7808,92): warning C4244: аргумент: преобразование "unsigned __int64" в "int", возможна потеря данных
C:\Program Files\Microsoft Visual Studio\2022\Community\VC\Tools\MSVC\14.35.32215\include\algorithm(7808,82): warning C4244: аргумент: преобразование "unsigned __int64" в "int", возможна потеря данных
C:\Program Files\Microsoft Visual Studio\2022\Community\VC\Tools\MSVC\14.35.32215\include\algorithm(7819,40): warning C4244: аргумент: преобразование "unsigned __int64" в "int", возможна потеря данных
C:\Program Files\Microsoft Visual Studio\2022\Community\VC\Tools\MSVC\14.35.32215\include\algorithm(7819,30): warning C4244: аргумент: преобразование "unsigned __int64" в "int", возможна потеря данных
C:\Program Files\Microsoft Visual Studio\2022\Community\VC\Tools\MSVC\14.35.32215\include\algorithm(7832,40): warning C4244: аргумент: преобразование "unsigned __int64" в "int", возможна потеря данных
C:\Program Files\Microsoft Visual Studio\2022\Community\VC\Tools\MSVC\14.35.32215\include\algorithm(7832,30): warning C4244: аргумент: преобразование "unsigned __int64" в "int", возможна потеря данных
C:\Program Files\Microsoft Visual Studio\2022\Community\VC\Tools\MSVC\14.35.32215\include\xutility(1139,57): warning C4244: аргумент: преобразование "unsigned __int64" в "int", возможна потеря данных
C:\Program Files\Microsoft Visual Studio\2022\Community\VC\Tools\MSVC\14.35.32215\include\algorithm(7739): message : выполняется компиляция ссылки на экземпляр шаблон функции "bool std::_Debug_lt_pred<_Pr&,unsigned __int64&,unsigned __int64&,0>(main::<lambda_1>&,_Ty1,_Ty2) noexcept(false)"
          with
          [
              _Pr=main::<lambda_1>,
              _Ty1=unsigned __int64 &,
              _Ty2=unsigned __int64 &
          ]
C:\Program Files\Microsoft Visual Studio\2022\Community\VC\Tools\MSVC\14.35.32215\include\algorithm(7866): message : выполняется компиляция ссылки на экземпляр шаблон функции "_BidIt std::_Insertion_sort_unchecked<_RanIt,_Pr>(const _BidIt,const _BidIt,_Pr)"
          with
          [
              _BidIt=unsigned __int64 *,
              _RanIt=unsigned __int64 *,
              _Pr=main::<lambda_1>
          ]
C:\Program Files\Microsoft Visual Studio\2022\Community\VC\Tools\MSVC\14.35.32215\include\xutility(1139,50): warning C4244: аргумент: преобразование "unsigned __int64" в "int", возможна потеря данных
C:\Program Files\Microsoft Visual Studio\2022\Community\VC\Tools\MSVC\14.35.32215\include\xutility(1141,9): warning C4244: аргумент: преобразование "unsigned __int64" в "int", возможна потеря данных
  3.vcxproj -> C:\Project\MIPT\4_semestr\1\3\x64\Debug\3.exe
